e:\vs-debug\zhonzxad\pingbc\pingbiceng\mfcapplication123\x64\debug\mfcapplication123.pch
e:\vs-debug\zhonzxad\pingbc\pingbiceng\mfcapplication123\x64\debug\vc141.pdb
e:\vs-debug\zhonzxad\pingbc\pingbiceng\mfcapplication123\x64\debug\vc141.idb
e:\vs-debug\zhonzxad\pingbc\pingbiceng\mfcapplication123\x64\debug\pch.obj
e:\vs-debug\zhonzxad\pingbc\pingbiceng\mfcapplication123\x64\debug\yqxz.obj
e:\vs-debug\zhonzxad\pingbc\pingbiceng\mfcapplication123\x64\debug\tkss.obj
e:\vs-debug\zhonzxad\pingbc\pingbiceng\mfcapplication123\x64\debug\sscs.obj
e:\vs-debug\zhonzxad\pingbc\pingbiceng\mfcapplication123\x64\debug\sengm.obj
e:\vs-debug\zhonzxad\pingbc\pingbiceng\mfcapplication123\x64\debug\mfcapplication123dlg.obj
e:\vs-debug\zhonzxad\pingbc\pingbiceng\mfcapplication123\x64\debug\mfcapplication123.obj
e:\vs-debug\zhonzxad\pingbc\pingbiceng\mfcapplication123\x64\debug\charstatic.obj
e:\vs-debug\zhonzxad\pingbc\pingbiceng\x64\debug\mfcapplication123.exe
e:\vs-debug\zhonzxad\pingbc\pingbiceng\x64\debug\mfcapplication123.ilk
e:\vs-debug\zhonzxad\pingbc\pingbiceng\x64\debug\mfcapplication123.pdb
e:\vs-debug\zhonzxad\pingbc\pingbiceng\mfcapplication123\x64\debug\mfcapplication123.res
e:\vs-debug\zhonzxad\pingbc\pingbiceng\mfcapplication123\x64\debug\mfcappli.fe996522.tlog\cl.command.1.tlog
e:\vs-debug\zhonzxad\pingbc\pingbiceng\mfcapplication123\x64\debug\mfcappli.fe996522.tlog\cl.read.1.tlog
e:\vs-debug\zhonzxad\pingbc\pingbiceng\mfcapplication123\x64\debug\mfcappli.fe996522.tlog\cl.write.1.tlog
e:\vs-debug\zhonzxad\pingbc\pingbiceng\mfcapplication123\x64\debug\mfcappli.fe996522.tlog\link.command.1.tlog
e:\vs-debug\zhonzxad\pingbc\pingbiceng\mfcapplication123\x64\debug\mfcappli.fe996522.tlog\link.read.1.tlog
e:\vs-debug\zhonzxad\pingbc\pingbiceng\mfcapplication123\x64\debug\mfcappli.fe996522.tlog\link.write.1.tlog
e:\vs-debug\zhonzxad\pingbc\pingbiceng\mfcapplication123\x64\debug\mfcappli.fe996522.tlog\rc.command.1.tlog
e:\vs-debug\zhonzxad\pingbc\pingbiceng\mfcapplication123\x64\debug\mfcappli.fe996522.tlog\rc.read.1.tlog
e:\vs-debug\zhonzxad\pingbc\pingbiceng\mfcapplication123\x64\debug\mfcappli.fe996522.tlog\rc.write.1.tlog
